<?xml version="1.0" encoding="UTF-8"?>
<!-- Generated by org.testng.reporters.JUnitReportReporter -->
<testsuite hostname="KTLPT1386" failures="0" tests="13" name="APITestCase.ManageUser" time="4.056" errors="0" timestamp="2024-07-12T10:11:21 IST" skipped="0">
  <testcase classname="APITestCase.ManageUser" name="UploadUserProfileImage" time="0.258"/>
  <system-out/>
  <testcase classname="APITestCase.ManageUser" name="GetBranches" time="0.245"/>
  <system-out/>
  <testcase classname="APITestCase.ManageUser" name="RoleList" time="0.241"/>
  <system-out/>
  <testcase classname="APITestCase.ManageUser" name="ExportUser" time="0.473"/>
  <system-out/>
  <testcase classname="APITestCase.ManageUser" name="UpdateUserStatus" time="0.179"/>
  <system-out/>
  <testcase classname="APITestCase.ManageUser" name="AddUser" time="0.390"/>
  <system-out/>
  <testcase classname="APITestCase.ManageUser" name="ResendPassword" time="0.418"/>
  <system-out/>
  <testcase classname="APITestCase.ManageUser" name="GetUser" time="0.578"/>
  <system-out/>
  <testcase classname="APITestCase.ManageUser" name="ResetPassword" time="0.212"/>
  <system-out/>
  <testcase classname="APITestCase.ManageUser" name="UpdateUser" time="0.229"/>
  <system-out/>
  <testcase classname="APITestCase.ManageUser" name="UsersCount" time="0.466"/>
  <system-out/>
  <testcase classname="APITestCase.ManageUser" name="GetVendorCompany" time="0.172"/>
  <system-out/>
  <testcase classname="APITestCase.ManageUser" name="Login" time="0.195"/>
  <system-out/>
</testsuite> <!-- APITestCase.ManageUser -->
