<?xml version="1.0" encoding="UTF-8"?>
<!-- Generated by org.testng.reporters.JUnitReportReporter -->
<testsuite hostname="KTLPT1386" failures="0" tests="7" name="APITestCase.Login" time="3.533" errors="0" timestamp="2024-07-12T10:11:21 IST" skipped="0">
  <testcase classname="APITestCase.Login" name="CheckResetPassword" time="0.181"/>
  <system-out/>
  <testcase classname="APITestCase.Login" name="Logout" time="0.163"/>
  <system-out/>
  <testcase classname="APITestCase.Login" name="Login" time="2.338"/>
  <system-out/>
  <testcase classname="APITestCase.Login" name="LoginWithOtp" time="0.353"/>
  <system-out/>
  <testcase classname="APITestCase.Login" name="OtpVerification" time="0.179"/>
  <system-out/>
  <testcase classname="APITestCase.Login" name="ResetPassword" time="0.162"/>
  <system-out/>
  <testcase classname="APITestCase.Login" name="UserProfile" time="0.157"/>
  <system-out/>
</testsuite> <!-- APITestCase.Login -->
